2020-04-14 20:31:32,508 INFO c.t.LoginTest [main] projectPath:C:\Users\Vinod\workspace\OrangeHrm
2020-04-14 20:31:32,512 INFO c.t.LoginTest [main] Able to access Property file
2020-04-14 20:31:40,222 INFO c.t.LoginTest [main] Driver Object Created
2020-04-14 20:31:44,408 INFO c.t.LoginTest [main] Accessing url
2020-04-14 20:31:44,417 INFO c.t.LoginTest [main] Setting implisit wait
2020-04-14 20:31:46,602 INFO c.t.LoginTest [main] Maximizing browser
2020-04-14 20:31:46,915 INFO c.p.Login [main] Entering UserName
2020-04-14 20:31:47,066 INFO c.p.Login [main] Entering Password
2020-04-14 20:31:49,265 INFO c.p.Login [main] Clicked on Submit button
2020-04-14 21:34:16,695 INFO c.t.LoginTest [main] projectPath:C:\Users\Vinod\workspace\OrangeHrm
2020-04-14 21:34:16,708 INFO c.t.LoginTest [main] Able to access Property file
2020-04-14 21:34:24,502 INFO c.t.LoginTest [main] Driver Object Created
2020-04-14 21:34:27,861 INFO c.t.LoginTest [main] Accessing url
2020-04-14 21:34:27,872 INFO c.t.LoginTest [main] Setting implisit wait
2020-04-14 21:34:30,050 INFO c.t.LoginTest [main] Maximizing browser
2020-04-14 21:34:30,348 INFO c.p.Login [main] Entering UserName
2020-04-14 21:34:30,460 INFO c.p.Login [main] Entering Password
2020-04-14 21:34:32,211 INFO c.p.Login [main] Clicked on Submit button
2020-04-14 22:08:04,193 INFO c.t.LoginTest [main] projectPath:C:\Users\Vinod\workspace\OrangeHrm
2020-04-14 22:08:04,197 INFO c.t.LoginTest [main] Able to access Property file
2020-04-14 22:09:12,391 INFO c.t.LoginTest [main] projectPath:C:\Users\Vinod\workspace\OrangeHrm
2020-04-14 22:09:12,396 INFO c.t.LoginTest [main] Able to access Property file
2020-04-14 22:09:47,798 INFO c.t.LoginTest [main] projectPath:C:\Users\Vinod\workspace\OrangeHrm
2020-04-14 22:09:47,803 INFO c.t.LoginTest [main] Able to access Property file
2020-04-14 22:10:32,084 INFO c.t.LoginTest [main] projectPath:C:\Users\Vinod\workspace\OrangeHrm
2020-04-14 22:10:32,089 INFO c.t.LoginTest [main] Able to access Property file
2020-04-14 22:11:50,268 INFO c.t.LoginTest [main] projectPath:C:\Users\Vinod\workspace\OrangeHrm
2020-04-14 22:11:50,273 INFO c.t.LoginTest [main] Able to access Property file
2020-04-14 22:14:24,601 INFO c.t.LoginTest [main] projectPath:C:\Users\Vinod\workspace\OrangeHrm
2020-04-14 22:14:24,606 INFO c.t.LoginTest [main] Able to access Property file
2020-04-14 22:14:31,268 INFO c.t.LoginTest [main] Driver Object Created
2020-04-14 22:14:34,703 INFO c.t.LoginTest [main] Accessing url
2020-04-14 22:14:34,714 INFO c.t.LoginTest [main] Setting implisit wait
2020-04-14 22:14:36,887 INFO c.t.LoginTest [main] Maximizing browser
2020-04-14 22:14:37,052 INFO c.p.Login [main] Entering UserName
2020-04-14 22:14:37,173 INFO c.p.Login [main] Entering Password
2020-04-14 22:14:39,142 INFO c.p.Login [main] Clicked on Submit button
2020-04-14 22:31:09,618 INFO c.t.LoginTest [main] projectPath:C:\Users\Vinod\workspace\OrangeHrm
2020-04-14 22:31:09,622 INFO c.t.LoginTest [main] Able to access Property file
2020-04-14 22:31:45,437 INFO c.t.LoginTest [main] Driver Object Created
2020-04-14 22:31:50,715 INFO c.t.LoginTest [main] Accessing url
2020-04-14 22:31:50,732 INFO c.t.LoginTest [main] Setting implisit wait
2020-04-14 22:31:51,011 INFO c.t.LoginTest [main] Maximizing browser
2020-04-14 22:31:51,137 INFO c.p.Login [main] Entering UserName
2020-04-14 22:31:51,326 INFO c.p.Login [main] Entering Password
2020-04-14 22:31:53,445 INFO c.p.Login [main] Clicked on Submit button
2020-04-14 22:33:35,173 INFO c.t.LoginTest [main] projectPath:C:\Users\Vinod\workspace\OrangeHrm
2020-04-14 22:33:35,185 INFO c.t.LoginTest [main] Able to access Property file
2020-04-14 22:37:24,537 INFO c.t.LoginTest [main] projectPath:C:\Users\Vinod\workspace\OrangeHrm
2020-04-14 22:37:24,552 INFO c.t.LoginTest [main] Able to access Property file
2020-04-14 22:37:31,274 INFO c.t.LoginTest [main] Driver Object Created
2020-04-14 22:39:01,844 INFO c.t.LoginTest [main] projectPath:C:\Users\Vinod\workspace\OrangeHrm
2020-04-14 22:39:01,858 INFO c.t.LoginTest [main] Able to access Property file
2020-04-14 22:39:08,510 INFO c.t.LoginTest [main] Driver Object Created
2020-04-15 07:34:48,142 INFO c.t.LoginTest [main] projectPath:C:\Users\Vinod\workspace\OrangeHrm
2020-04-15 07:34:48,161 INFO c.t.LoginTest [main] Able to access Property file
2020-04-15 07:34:56,201 INFO c.t.LoginTest [main] Driver Object Created
2020-04-15 07:35:35,176 INFO c.t.LoginTest [main] projectPath:C:\Users\Vinod\workspace\OrangeHrm
2020-04-15 07:35:35,187 INFO c.t.LoginTest [main] Able to access Property file
2020-04-15 07:35:41,502 INFO c.t.LoginTest [main] Driver Object Created
2020-04-15 07:35:44,424 INFO c.t.LoginTest [main] Accessing url
2020-04-15 07:35:44,434 INFO c.t.LoginTest [main] Setting implisit wait
2020-04-15 07:35:46,598 INFO c.t.LoginTest [main] Maximizing browser
2020-04-15 07:37:34,598 INFO c.t.LoginTest [main] projectPath:C:\Users\Vinod\workspace\OrangeHrm
2020-04-15 07:37:34,608 INFO c.t.LoginTest [main] Able to access Property file
2020-04-15 07:37:40,144 INFO c.t.LoginTest [main] Driver Object Created
2020-04-15 07:37:42,750 INFO c.t.LoginTest [main] Accessing url
2020-04-15 07:37:42,758 INFO c.t.LoginTest [main] Setting implisit wait
2020-04-15 07:37:44,930 INFO c.t.LoginTest [main] Maximizing browser
2020-04-15 07:37:45,222 INFO c.p.Login [main] Entering UserName
2020-04-15 07:37:45,514 INFO c.p.Login [main] Entering Password
2020-04-15 07:37:46,530 INFO c.p.Login [main] Clicked on Submit button
2020-04-15 07:39:17,266 INFO c.t.LoginTest [main] projectPath:C:\Users\Vinod\workspace\OrangeHrm
2020-04-15 07:39:17,276 INFO c.t.LoginTest [main] Able to access Property file
2020-04-15 07:39:24,163 INFO c.t.LoginTest [main] Driver Object Created
2020-04-15 07:39:26,865 INFO c.t.LoginTest [main] Accessing url
2020-04-15 07:39:26,870 INFO c.t.LoginTest [main] Setting implisit wait
2020-04-15 07:39:29,077 INFO c.t.LoginTest [main] Maximizing browser
2020-04-15 07:39:29,301 INFO c.p.Login [main] Entering UserName
2020-04-15 07:39:29,420 INFO c.p.Login [main] Entering Password
2020-04-15 07:39:30,336 INFO c.p.Login [main] Clicked on Submit button
2020-04-15 07:41:07,197 INFO c.t.LoginTest [main] projectPath:C:\Users\Vinod\workspace\OrangeHrm
2020-04-15 07:41:07,207 INFO c.t.LoginTest [main] Able to access Property file
2020-04-15 07:41:13,084 INFO c.t.LoginTest [main] Driver Object Created
2020-04-15 07:41:15,772 INFO c.t.LoginTest [main] Accessing url
2020-04-15 07:41:15,779 INFO c.t.LoginTest [main] Setting implisit wait
2020-04-15 07:41:17,944 INFO c.t.LoginTest [main] Maximizing browser
2020-04-15 07:41:18,144 INFO c.p.Login [main] Entering UserName
2020-04-15 07:41:18,251 INFO c.p.Login [main] Entering Password
2020-04-15 07:41:20,211 INFO c.p.Login [main] Clicked on Submit button
2020-04-16 07:39:56,693 INFO c.t.LoginTest [main] projectPath:C:\Users\Vinod\workspace\OrangeHrm
2020-04-16 07:39:56,715 INFO c.t.LoginTest [main] Able to access Property file
2020-04-16 07:40:09,120 INFO c.t.LoginTest [main] Driver Object Created
2020-04-16 07:40:12,671 INFO c.t.LoginTest [main] Accessing url
2020-04-16 07:40:12,680 INFO c.t.LoginTest [main] Setting implisit wait
2020-04-16 07:40:14,810 INFO c.t.LoginTest [main] Maximizing browser
2020-04-16 07:40:15,213 INFO c.p.Login [main] Entering UserName
2020-04-16 07:40:15,317 INFO c.p.Login [main] Entering Password
2020-04-16 07:40:17,065 INFO c.p.Login [main] Clicked on Submit button
2020-04-16 07:40:17,075 INFO c.t.LoginTest [main] test case passed....
2020-04-16 07:43:12,192 INFO c.t.LoginTest [main] projectPath:C:\Users\Vinod\workspace\OrangeHrm
2020-04-16 07:43:12,197 INFO c.t.LoginTest [main] Able to access Property file
2020-04-16 07:43:17,939 INFO c.t.LoginTest [main] Driver Object Created
2020-04-16 07:43:20,663 INFO c.t.LoginTest [main] Accessing url
2020-04-16 07:43:20,669 INFO c.t.LoginTest [main] Setting implisit wait
2020-04-16 07:43:22,824 INFO c.t.LoginTest [main] Maximizing browser
2020-04-16 07:43:22,999 INFO c.p.Login [main] Entering UserName
2020-04-16 07:43:23,101 INFO c.p.Login [main] Entering Password
2020-04-16 07:43:24,779 INFO c.p.Login [main] Clicked on Submit button
2020-04-16 07:43:24,795 INFO c.t.LoginTest [main] test case passed....
2020-04-16 07:51:09,667 INFO c.t.TC_LoginTest_001 [main] projectPath:C:\Users\Vinod\workspace\OrangeHrm
2020-04-16 07:51:09,670 INFO c.t.TC_LoginTest_001 [main] Able to access Property file
2020-04-16 07:51:15,763 INFO c.t.TC_LoginTest_001 [main] Driver Object Created
2020-04-16 07:51:18,772 INFO c.t.TC_LoginTest_001 [main] Accessing url
2020-04-16 07:51:18,777 INFO c.t.TC_LoginTest_001 [main] Setting implisit wait
2020-04-16 07:51:20,949 INFO c.t.TC_LoginTest_001 [main] Maximizing browser
2020-04-16 07:51:21,161 INFO c.p.Login [main] Entering UserName
2020-04-16 07:51:21,251 INFO c.p.Login [main] Entering Password
2020-04-16 07:51:22,993 INFO c.p.Login [main] Clicked on Submit button
2020-04-16 07:51:23,005 INFO c.t.TC_LoginTest_001 [main] test case passed....
2020-04-16 08:03:05,261 INFO c.t.TC_LoginTest_001 [main] projectPath:C:\Users\Vinod\workspace\OrangeHrm
2020-04-16 08:03:05,265 INFO c.t.TC_LoginTest_001 [main] Able to access Property file
2020-04-16 08:03:11,711 INFO c.t.TC_LoginTest_001 [main] Driver Object Created
2020-04-16 08:03:14,985 INFO c.t.TC_LoginTest_001 [main] Accessing url
2020-04-16 08:03:14,992 INFO c.t.TC_LoginTest_001 [main] Setting implisit wait
2020-04-16 08:03:17,144 INFO c.t.TC_LoginTest_001 [main] Maximizing browser
2020-04-16 08:03:17,426 INFO c.p.Login [main] Entering UserName
2020-04-16 08:03:17,705 INFO c.p.Login [main] Entering Password
2020-04-16 08:03:19,370 INFO c.p.Login [main] Clicked on Submit button
2020-04-16 08:03:19,380 INFO c.t.TC_LoginTest_001 [main] test case passed....
2020-04-16 08:07:57,553 INFO c.t.TC_LoginTest_001 [main] projectPath:C:\Users\Vinod\workspace\OrangeHrm
2020-04-16 08:07:57,557 INFO c.t.TC_LoginTest_001 [main] Able to access Property file
2020-04-16 08:08:03,862 INFO c.t.TC_LoginTest_001 [main] Driver Object Created
2020-04-16 08:08:06,969 INFO c.t.TC_LoginTest_001 [main] Accessing url
2020-04-16 08:08:06,981 INFO c.t.TC_LoginTest_001 [main] Setting implisit wait
2020-04-16 08:08:09,164 INFO c.t.TC_LoginTest_001 [main] Maximizing browser
2020-04-16 08:08:09,318 INFO c.p.Login [main] Entering UserName
2020-04-16 08:08:09,419 INFO c.p.Login [main] Entering Password
2020-04-16 08:08:11,443 INFO c.p.Login [main] Clicked on Submit button
2020-04-16 08:08:13,059 INFO c.t.TC_LoginTest_001 [main] test case passed....
2020-04-16 08:08:13,428 INFO c.u.Reporting [main] ---------------------------------------------------------------------------
2020-04-16 08:09:43,394 INFO c.t.TC_LoginTest_001 [main] projectPath:C:\Users\Vinod\workspace\OrangeHrm
2020-04-16 08:09:43,399 INFO c.t.TC_LoginTest_001 [main] Able to access Property file
2020-04-16 08:09:49,751 INFO c.t.TC_LoginTest_001 [main] Driver Object Created
2020-04-16 08:09:53,273 INFO c.t.TC_LoginTest_001 [main] Accessing url
2020-04-16 08:09:53,283 INFO c.t.TC_LoginTest_001 [main] Setting implisit wait
2020-04-16 08:09:55,414 INFO c.t.TC_LoginTest_001 [main] Maximizing browser
2020-04-16 08:09:55,709 INFO c.p.Login [main] Entering UserName
2020-04-16 08:09:55,898 INFO c.p.Login [main] Entering Password
2020-04-16 08:09:57,769 INFO c.p.Login [main] Clicked on Submit button
2020-04-16 08:09:57,779 INFO c.t.TC_LoginTest_001 [main] test case failed....
2020-04-16 08:09:59,963 INFO c.u.Reporting [main] ---------------------------------------------------------------------------
2020-04-16 08:12:26,905 INFO c.t.TC_LoginTest_001 [main] projectPath:C:\Users\Vinod\workspace\OrangeHrm
2020-04-16 08:12:26,909 INFO c.t.TC_LoginTest_001 [main] Able to access Property file
2020-04-16 08:12:34,513 INFO c.t.TC_LoginTest_001 [main] Driver Object Created
2020-04-16 08:12:37,633 INFO c.t.TC_LoginTest_001 [main] Accessing url
2020-04-16 08:12:37,654 INFO c.t.TC_LoginTest_001 [main] Setting implisit wait
2020-04-16 08:12:39,790 INFO c.t.TC_LoginTest_001 [main] Maximizing browser
2020-04-16 08:12:40,083 INFO c.p.Login [main] Entering UserName
2020-04-16 08:12:40,189 INFO c.p.Login [main] Entering Password
2020-04-16 08:12:41,966 INFO c.p.Login [main] Clicked on Submit button
2020-04-16 08:12:41,975 INFO c.t.TC_LoginTest_001 [main] test case failed....
2020-04-16 08:12:44,751 INFO c.u.Reporting [main] ---------------------------------------------------------------------------
2020-04-16 08:14:35,221 INFO c.t.TC_LoginTest_001 [main] projectPath:C:\Users\Vinod\workspace\OrangeHrm
2020-04-16 08:14:35,227 INFO c.t.TC_LoginTest_001 [main] Able to access Property file
2020-04-16 08:14:41,561 INFO c.t.TC_LoginTest_001 [main] Driver Object Created
2020-04-16 08:14:44,727 INFO c.t.TC_LoginTest_001 [main] Accessing url
2020-04-16 08:14:44,737 INFO c.t.TC_LoginTest_001 [main] Setting implisit wait
2020-04-16 08:14:46,871 INFO c.t.TC_LoginTest_001 [main] Maximizing browser
2020-04-16 08:14:47,177 INFO c.p.Login [main] Entering UserName
2020-04-16 08:14:47,340 INFO c.p.Login [main] Entering Password
2020-04-16 08:14:49,097 INFO c.p.Login [main] Clicked on Submit button
2020-04-16 08:14:49,105 INFO c.t.TC_LoginTest_001 [main] test case failed....
2020-04-16 08:14:51,288 INFO c.t.TC_LoginTest_001 [main] test case passed....
2020-04-16 08:14:51,672 INFO c.u.Reporting [main] ---------------------------------------------------------------------------
2020-04-16 08:22:51,195 INFO c.t.TC_LoginTest_001 [main] projectPath:C:\Users\Vinod\workspace\OrangeHrm
2020-04-16 08:22:51,199 INFO c.t.TC_LoginTest_001 [main] Able to access Property file
2020-04-16 08:22:57,767 INFO c.t.TC_LoginTest_001 [main] Driver Object Created
2020-04-16 08:23:00,992 INFO c.t.TC_LoginTest_001 [main] Accessing url
2020-04-16 08:23:01,002 INFO c.t.TC_LoginTest_001 [main] Setting implisit wait
2020-04-16 08:23:03,159 INFO c.t.TC_LoginTest_001 [main] Maximizing browser
2020-04-16 08:23:03,397 INFO c.p.Login [main] Entering UserName
2020-04-16 08:23:03,516 INFO c.p.Login [main] Entering Password
2020-04-16 08:23:05,387 INFO c.p.Login [main] Clicked on Submit button
2020-04-16 08:23:05,412 INFO c.t.TC_LoginTest_001 [main] test case failed....
2020-04-16 08:23:07,246 INFO c.t.TC_LoginTest_001 [main] test case passed....
2020-04-16 08:23:07,662 INFO c.u.Reporting [main] ---------------------------------------------------------------------------
2020-04-16 08:24:26,543 INFO c.t.TC_LoginTest_001 [main] projectPath:C:\Users\Vinod\workspace\OrangeHrm
2020-04-16 08:24:26,548 INFO c.t.TC_LoginTest_001 [main] Able to access Property file
2020-04-16 08:24:32,992 INFO c.t.TC_LoginTest_001 [main] Driver Object Created
2020-04-16 08:24:36,107 INFO c.t.TC_LoginTest_001 [main] Accessing url
2020-04-16 08:24:36,117 INFO c.t.TC_LoginTest_001 [main] Setting implisit wait
2020-04-16 08:24:38,286 INFO c.t.TC_LoginTest_001 [main] Maximizing browser
2020-04-16 08:24:38,560 INFO c.p.Login [main] Entering UserName
2020-04-16 08:24:38,709 INFO c.p.Login [main] Entering Password
2020-04-16 08:24:40,560 INFO c.p.Login [main] Clicked on Submit button
2020-04-16 08:24:40,571 INFO c.t.TC_LoginTest_001 [main] test case failed....
2020-04-16 08:24:42,911 INFO c.t.TC_LoginTest_001 [main] test case passed....
2020-04-16 08:24:43,301 INFO c.u.Reporting [main] ---------------------------------------------------------------------------
